code/PRG_Page_h.htm
code/PRG_Page_dPRG.htm
code/DBC.PRG/Main_h.htm
code/DBC.PRG/Main_d.main program.htm
code/DBC.PRG/Main_t.htm
code/DBC.PRG/cls._dbc.htm
code/DBC.PRG/cls._dbc._datasessionid.htm
code/DBC.PRG/cls._dbc.catch.htm
code/DBC.PRG/cls._dbc.cerrmsg.htm
code/DBC.PRG/cls._dbc.nerr.htm
code/DBC.PRG/cls._dbc.oconnector.htm
code/DBC.PRG/cls._dbc.attachsession.htm
code/DBC.PRG/cls._dbc.c2toi.htm
code/DBC.PRG/cls._dbc.c4toi.htm
code/DBC.PRG/cls._dbc.c4toirev.htm
code/DBC.PRG/cls._dbc.checkproperties.htm
code/DBC.PRG/cls._dbc.checkvalue.htm
code/DBC.PRG/cls._dbc.clearproperty.htm
code/DBC.PRG/cls._dbc.closetable.htm
code/DBC.PRG/cls._dbc.cntoi.htm
code/DBC.PRG/cls._dbc.dbcvaluetovalue.htm
code/DBC.PRG/cls._dbc.destroy.htm
code/DBC.PRG/cls._dbc.enumobjects.htm
code/DBC.PRG/cls._dbc.enumproperty.htm
code/DBC.PRG/cls._dbc.error.htm
code/DBC.PRG/cls._dbc.formatproperty.htm
code/DBC.PRG/cls._dbc.getdefaultvalue.htm
code/DBC.PRG/cls._dbc.getidobject.htm
code/DBC.PRG/cls._dbc.getproperty.htm
code/DBC.PRG/cls._dbc.getsp.htm
code/DBC.PRG/cls._dbc.getvaluetype.htm
code/DBC.PRG/cls._dbc.init.htm
code/DBC.PRG/cls._dbc.isbasetype.htm
code/DBC.PRG/cls._dbc.itoc2.htm
code/DBC.PRG/cls._dbc.itoc4.htm
code/DBC.PRG/cls._dbc.itoc4rev.htm
code/DBC.PRG/cls._dbc.itocn.htm
code/DBC.PRG/cls._dbc.opentable.htm
code/DBC.PRG/cls._dbc.riinfo.htm
code/DBC.PRG/cls._dbc.setcatch.htm
code/DBC.PRG/cls._dbc.setproperty.htm
code/DBC.PRG/cls._dbc.setsp.htm
code/DBC.PRG/cls._dbc.valuetodbcvalue.htm
code/DBC.PRG/cls._dbc_check.htm
code/DBC.PRG/cls._dbc_check.check.htm
code/DBC.PRG/cls._dbc_check.checkpropertiesofallobjects.htm
code/DBC.PRG/cls._dbc_check.checkspfxp.htm
code/DBC.PRG/cls._dbc_check.checktablesstructure.htm
code/DBC.PRG/cls._dbc_check.createlog.htm
code/DBC.PRG/cls._dbc_check.findlostobjects.htm
code/DBC.PRG/cls._dbc_check.findobsoleteobjects.htm
code/DBC.PRG/cls._dbc_checkinfo.htm
code/DBC.PRG/cls._dbc_checkinfo_invalidproperties.htm
code/DBC.PRG/cls._dbc_connector.htm
code/DBC.PRG/cls._dbc_connector.checkproperties.htm
code/DBC.PRG/cls._dbc_connector.checkvalue.htm
code/DBC.PRG/cls._dbc_connector.dbcvaluetovalue.htm
code/DBC.PRG/cls._dbc_connector.formatproperty.htm
code/DBC.PRG/cls._dbc_connector.getdefaultvalue.htm
code/DBC.PRG/cls._dbc_connector.getvaluetype.htm
code/DBC.PRG/cls._dbc_connector.valuetodbcvalue.htm
others/XXX_Page_h.htm
others/XXX_Page_dHPP.htm
others/DBC.H/Main_h.htm
others/DBC.H/Main_d.htm
GCT.htm
